No files changed, compilation skipped

Ran 7 tests for test/OVRFLOToken.t.sol:OVRFLOTokenTest
[PASS] test_Burn_DecreasesBalanceAndTotalSupply() (gas: 66136)
[PASS] test_Burn_RevertsForUnauthorizedCallerAndInsufficientBalance() (gas: 19687)
[PASS] test_Constructor_SetsMetadataOwnerAndDecimals() (gas: 23232)
[PASS] test_Mint_IncreasesBalanceAndTotalSupply() (gas: 61181)
[PASS] test_Mint_RevertsForUnauthorizedCaller() (gas: 12419)
[PASS] test_TransferOwnership_RevertsForUnauthorizedOrZeroAddress() (gas: 16851)
[PASS] test_TransferOwnership_UpdatesOwnerAndHandsOffAuthority() (gas: 80831)
Suite result: ok. 7 passed; 0 failed; 0 skipped; finished in 1.78ms (724.58µs CPU time)

Ran 6 tests for test/OVRFLOSafety.t.sol:OVRFLOSafetyTest
[PASS] test_AddMarket_RevertsWhenOracleIsNotReady() (gas: 15551134)
[PASS] test_AddMarket_RevertsWhenPtAlreadyMapped() (gas: 15985112)
[PASS] test_AddMarket_UsesFixed18DecimalsInsteadOfUnderlyingDecimals() (gas: 15789495)
[PASS] test_Deploy_UsesFixed18OvrfloTokenDecimals() (gas: 13996103)
[PASS] test_PrepareOracle_IncreasesCardinalityWhenRequired() (gas: 15573111)
[PASS] test_PrepareOracle_RevertsForShortDuration() (gas: 13998293)
Suite result: ok. 6 passed; 0 failed; 0 skipped; finished in 1.80ms (2.70ms CPU time)

Ran 20 tests for test/OVRFLOFactory.t.sol:OVRFLOFactoryTest
[PASS] test_AddMarket_AllowsMarketSyToDifferFromConfiguredUnderlying() (gas: 6909631)
[PASS] test_AddMarket_AllowsSharedTokenAcrossMaturities() (gas: 8676321)
[PASS] test_AddMarket_OnboardsMarketUpdatesRegistryAndEmitsSeriesEvent() (gas: 6920373)
[PASS] test_AddMarket_RevertsForUnknownOvrfloOrInvalidConfig() (gas: 5115231)
[PASS] test_AddMarket_RevertsWhenOracleNeedsPreparationOrIsNotReady() (gas: 6673671)
[PASS] test_CancelDeployment_RevertsWithoutPendingAndClearsPendingWhenConfigured() (gas: 55144)
[PASS] test_ConfigureDeployment_RevertsForUnauthorizedOrZeroInputs() (gas: 25069)
[PASS] test_ConfigureDeployment_StoresPendingConfigAndEmitsEvent() (gas: 65586)
[PASS] test_Constructor_RevertsForZeroOwner() (gas: 49302)
[PASS] test_Constructor_SetsOwner() (gas: 8014)
[PASS] test_Deploy_DeploysSystemStoresAccountingAndTransfersTokenOwnership() (gas: 5123277)
[PASS] test_Deploy_RevertsWithoutPendingDeployment() (gas: 14210)
[PASS] test_Deploy_UsesFixed18DecimalsEvenWhenUnderlyingUsesSixDecimals() (gas: 6091780)
[PASS] test_OwnerOnlyFunctions_RevertForUnauthorizedCallers() (gas: 6686784)
[PASS] test_PrepareOracle_DoesNothingWhenCardinalityAlreadySufficient() (gas: 1577840)
[PASS] test_PrepareOracle_RevertsForShortDurationAndIncreasesCardinalityWhenRequired() (gas: 1604265)
[PASS] test_SetMarketDepositLimit_ForwardsToOvrfloAndEmitsEvent() (gas: 5130986)
[PASS] test_SweepExcessPt_RevertsWithoutExcessAndTransfersExcessWhenPresent() (gas: 6986889)
[PASS] test_TransferOvrfloAdmin_UpdatesAdminClearsFactoryInfoAndEmitsEvent() (gas: 5061258)
[PASS] test_TransferOwnership_UpdatesOwnerAndAllowsNewOwnerActions() (gas: 78965)
Suite result: ok. 20 passed; 0 failed; 0 skipped; finished in 1.87ms (4.05ms CPU time)

Ran 28 tests for test/OVRFLO.t.sol:OVRFLOProtocolTest
[PASS] test_Claim_BurnsTokensTransfersPtAndUpdatesAccounting() (gas: 399776)
[PASS] test_Claim_PreservesSharedTokenBehaviorAcrossMaturities() (gas: 693780)
[PASS] test_Claim_RevertsBeforeMaturity() (gas: 409946)
[PASS] test_Claim_RevertsForUnknownPt() (gas: 21893)
[PASS] test_Claim_RevertsForZeroAmount() (gas: 410449)
[PASS] test_Claim_RevertsWhenPtReservesAreInsufficient() (gas: 427321)
[PASS] test_ClaimablePt_ReturnsVaultBalanceAndRevertsForUnknownPt() (gas: 412099)
[PASS] test_Constructor_RevertsForZeroAddresses() (gas: 123001)
[PASS] test_Deposit_MintsTokensCreatesStreamChargesFeeAndEmitsEvents() (gas: 473271)
[PASS] test_Deposit_RevertsAfterMaturity() (gas: 198794)
[PASS] test_Deposit_RevertsBelowMinimumAmount() (gas: 199408)
[PASS] test_Deposit_RevertsForUnapprovedMarket() (gas: 29738)
[PASS] test_Deposit_RevertsOnSlippage() (gas: 317720)
[PASS] test_Deposit_RevertsWhenDepositLimitExceeded() (gas: 329508)
[PASS] test_Deposit_RevertsWhenNothingWouldStream() (gas: 317539)
[PASS] test_PreviewFunctions_ReturnRateSplitAndFee() (gas: 202783)
[PASS] test_PreviewFunctions_RevertForUnapprovedMarket() (gas: 51903)
[PASS] test_SetAdminContract_RevertsForNonAdminAndZeroAddress() (gas: 19037)
[PASS] test_SetAdminContract_UpdatesAdminAndEmitsEvent() (gas: 23915)
[PASS] test_SetMarketDepositLimit_RevertsForNonAdmin() (gas: 14556)
[PASS] test_SetMarketDepositLimit_SetsLimitAndEmitsEvent() (gas: 39303)
[PASS] test_SetSeriesApproved_AllowsSharedTokenAcrossDistinctMaturities() (gas: 347751)
[PASS] test_SetSeriesApproved_RevertsForDuplicateMarketConfiguration() (gas: 193447)
[PASS] test_SetSeriesApproved_RevertsForDuplicatePtRegistration() (gas: 193629)
[PASS] test_SetSeriesApproved_RevertsForNonAdmin() (gas: 22787)
[PASS] test_SetSeriesApproved_SetsStateApprovesSablierAndEmitsEvent() (gas: 200042)
[PASS] test_SweepExcessPt_RevertsForNonAdminOrNoExcess() (gas: 205116)
[PASS] test_SweepExcessPt_SweepsOnlyExcessAndEmitsEvent() (gas: 449672)
Suite result: ok. 28 passed; 0 failed; 0 skipped; finished in 2.48ms (3.87ms CPU time)

Ran 4 tests for test/fork/OVRFLOFactoryMainnetFork.t.sol:OVRFLOFactoryMainnetForkTest
[PASS] test_AddMarket_AllowsSharedTokenAcrossLiveWstEthMaturities() (gas: 15400310)
[PASS] test_AddMarket_OnboardsPrimaryMarketUsingLiveMetadata() (gas: 15178725)
[PASS] test_AddMarket_RevertsUntilPrimaryOracleIsPrepared() (gas: 13082867)
[PASS] test_PrepareOracle_PrimaryMarketClearsCardinalityRequirement() (gas: 14928584)
Suite result: ok. 4 passed; 0 failed; 0 skipped; finished in 343.41ms (7.23ms CPU time)

Ran 3 tests for test/fork/OVRFLOMainnetFork.t.sol:OVRFLOMainnetForkTest
[PASS] test_Claim_PrimaryMarketRedeemsLivePtAfterStreamWithdrawal() (gas: 17486678)
[PASS] test_Deposit_PrimaryMarketTransfersLivePtAndCreatesRealStream() (gas: 17738498)
[PASS] test_PreviewDeposit_PrimaryMarketUsesLiveOracleRate() (gas: 17105377)
Suite result: ok. 3 passed; 0 failed; 0 skipped; finished in 345.56ms (12.13ms CPU time)

Ran 6 test suites in 346.74ms (696.90ms CPU time): 68 tests passed, 0 failed, 0 skipped (68 total tests)
